# JRE version: OpenJDK Runtime Environment Temurin-21.0.10+7 (21.0.10+7) (build 21.0.10+7-LTS)
# Java VM: OpenJDK 64-Bit Server VM Temurin-21.0.10+7 (21.0.10+7-LTS, mixed mode, sharing, tiered, compressed oops, compressed class ptrs, parallel gc, windows-amd64)
GC Precious Log:
 CardTable entry size: 512
 CPUs: 8 total, 8 available
 Memory: 7632M
 Large Page Support: Disabled
 NUMA Support: Disabled
 Compressed Oops: Enabled (32-bit)
 Alignments: Space 512K, Generation 512K, Heap 2M
 Heap Min Capacity: 100M
 Heap Initial Capacity: 100M
 Heap Max Capacity: 2G
 Pre-touch: Disabled
 Parallel Workers: 8
Heap:
 PSYoungGen      total 25088K, used 24711K [0x00000000d5580000, 0x00000000d7380000, 0x0000000100000000)
  eden space 22016K, 100% used [0x00000000d5580000,0x00000000d6b00000,0x00000000d6b00000)
  from space 3072K, 87% used [0x00000000d7080000,0x00000000d7321d38,0x00000000d7380000)
  to   space 3584K, 82% used [0x00000000d6c80000,0x00000000d6f65c30,0x00000000d7000000)
 ParOldGen       total 80896K, used 80884K [0x0000000080000000, 0x0000000084f00000, 0x00000000d5580000)
  object space 80896K, 99% used [0x0000000080000000,0x0000000084efd0b0,0x0000000084f00000)
 Metaspace       used 73441K, committed 75008K, reserved 1179648K
  class space    used 9116K, committed 9792K, reserved 1048576K
GC Heap History (20 events):
Event: 88.796 GC heap before
{Heap before GC invocations=54 (full 3):
 PSYoungGen      total 24064K, used 23976K [0x00000000d5580000, 0x00000000d7280000, 0x0000000100000000)
  eden space 22016K, 100% used [0x00000000d5580000,0x00000000d6b00000,0x00000000d6b00000)
  from space 2048K, 95% used [0x00000000d7080000,0x00000000d726a048,0x00000000d7280000)
  to   space 2560K, 0% used [0x00000000d6d80000,0x00000000d6d80000,0x00000000d7000000)
 ParOldGen       total 68608K, used 47871K [0x0000000080000000, 0x0000000084300000, 0x00000000d5580000)
  object space 68608K, 69% used [0x0000000080000000,0x0000000082ebfc40,0x0000000084300000)
 Metaspace       used 71642K, committed 73152K, reserved 1114112K
  class space    used 8947K, committed 9600K, reserved 1048576K
}
Event: 88.802 GC heap after
{Heap after GC invocations=54 (full 3):
 PSYoungGen      total 23552K, used 1232K [0x00000000d5580000, 0x00000000d7100000, 0x0000000100000000)
  eden space 22016K, 0% used [0x00000000d5580000,0x00000000d5580000,0x00000000d6b00000)
  from space 1536K, 80% used [0x00000000d6d80000,0x00000000d6eb4040,0x00000000d6f00000)
  to   space 2048K, 0% used [0x00000000d6f00000,0x00000000d6f00000,0x00000000d7100000)
 ParOldGen       total 68608K, used 49687K [0x0000000080000000, 0x0000000084300000, 0x00000000d5580000)
  object space 68608K, 72% used [0x0000000080000000,0x0000000083085c98,0x0000000084300000)
 Metaspace       used 71642K, committed 73152K, reserved 1114112K
  class space    used 8947K, committed 9600K, reserved 1048576K
}
Event: 89.773 GC heap before
{Heap before GC invocations=55 (full 3):
 PSYoungGen      total 23552K, used 23248K [0x00000000d5580000, 0x00000000d7100000, 0x0000000100000000)
  eden space 22016K, 100% used [0x00000000d5580000,0x00000000d6b00000,0x00000000d6b00000)
  from space 1536K, 80% used [0x00000000d6d80000,0x00000000d6eb4040,0x00000000d6f00000)
  to   space 2048K, 0% used [0x00000000d6f00000,0x00000000d6f00000,0x00000000d7100000)
 ParOldGen       total 68608K, used 49687K [0x0000000080000000, 0x0000000084300000, 0x00000000d5580000)
  object space 68608K, 72% used [0x0000000080000000,0x0000000083085c98,0x0000000084300000)
 Metaspace       used 71881K, committed 73344K, reserved 1114112K
  class space    used 8961K, committed 9600K, reserved 1048576K
}
Event: 89.779 GC heap after
{Heap after GC invocations=55 (full 3):
 PSYoungGen      total 24064K, used 2005K [0x00000000d5580000, 0x00000000d7100000, 0x0000000100000000)
  eden space 22016K, 0% used [0x00000000d5580000,0x00000000d5580000,0x00000000d6b00000)
  from space 2048K, 97% used [0x00000000d6f00000,0x00000000d70f57a0,0x00000000d7100000)
  to   space 2560K, 0% used [0x00000000d6c00000,0x00000000d6c00000,0x00000000d6e80000)
 ParOldGen       total 68608K, used 50776K [0x0000000080000000, 0x0000000084300000, 0x00000000d5580000)
  object space 68608K, 74% used [0x0000000080000000,0x0000000083196320,0x0000000084300000)
 Metaspace       used 71881K, committed 73344K, reserved 1114112K
  class space    used 8961K, committed 9600K, reserved 1048576K
}
Event: 90.696 GC heap before
{Heap before GC invocations=56 (full 3):
 PSYoungGen      total 24064K, used 24021K [0x00000000d5580000, 0x00000000d7100000, 0x0000000100000000)
  eden space 22016K, 100% used [0x00000000d5580000,0x00000000d6b00000,0x00000000d6b00000)
  from space 2048K, 97% used [0x00000000d6f00000,0x00000000d70f57a0,0x00000000d7100000)
  to   space 2560K, 0% used [0x00000000d6c00000,0x00000000d6c00000,0x00000000d6e80000)
 ParOldGen       total 68608K, used 50776K [0x0000000080000000, 0x0000000084300000, 0x00000000d5580000)
  object space 68608K, 74% used [0x0000000080000000,0x0000000083196320,0x0000000084300000)
 Metaspace       used 72276K, committed 73792K, reserved 1114112K
  class space    used 8993K, committed 9664K, reserved 1048576K
}
Event: 90.708 GC heap after
{Heap after GC invocations=56 (full 3):
 PSYoungGen      total 24576K, used 2533K [0x00000000d5580000, 0x00000000d7b00000, 0x0000000100000000)
  eden space 22016K, 0% used [0x00000000d5580000,0x00000000d5580000,0x00000000d6b00000)
  from space 2560K, 98% used [0x00000000d6c00000,0x00000000d6e79740,0x00000000d6e80000)
  to   space 8192K, 0% used [0x00000000d7300000,0x00000000d7300000,0x00000000d7b00000)
 ParOldGen       total 68608K, used 55154K [0x0000000080000000, 0x0000000084300000, 0x00000000d5580000)
  object space 68608K, 80% used [0x0000000080000000,0x00000000835dcac0,0x0000000084300000)
 Metaspace       used 72276K, committed 73792K, reserved 1114112K
  class space    used 8993K, committed 9664K, reserved 1048576K
}
Event: 91.109 GC heap before
{Heap before GC invocations=57 (full 3):
 PSYoungGen      total 24576K, used 24549K [0x00000000d5580000, 0x00000000d7b00000, 0x0000000100000000)
  eden space 22016K, 100% used [0x00000000d5580000,0x00000000d6b00000,0x00000000d6b00000)
  from space 2560K, 98% used [0x00000000d6c00000,0x00000000d6e79740,0x00000000d6e80000)
  to   space 8192K, 0% used [0x00000000d7300000,0x00000000d7300000,0x00000000d7b00000)
 ParOldGen       total 68608K, used 55154K [0x0000000080000000, 0x0000000084300000, 0x00000000d5580000)
  object space 68608K, 80% used [0x0000000080000000,0x00000000835dcac0,0x0000000084300000)
 Metaspace       used 73020K, committed 74560K, reserved 1114112K
  class space    used 9080K, committed 9792K, reserved 1048576K
}
Event: 91.118 GC heap after
{Heap after GC invocations=57 (full 3):
 PSYoungGen      total 25600K, used 3482K [0x00000000d5580000, 0x00000000d7680000, 0x0000000100000000)
  eden space 22016K, 0% used [0x00000000d5580000,0x00000000d5580000,0x00000000d6b00000)
  from space 3584K, 97% used [0x00000000d7300000,0x00000000d7666830,0x00000000d7680000)
  to   space 5120K, 0% used [0x00000000d6c80000,0x00000000d6c80000,0x00000000d7180000)
 ParOldGen       total 68608K, used 57410K [0x0000000080000000, 0x0000000084300000, 0x00000000d5580000)
  object space 68608K, 83% used [0x0000000080000000,0x0000000083810b88,0x0000000084300000)
 Metaspace       used 73020K, committed 74560K, reserved 1114112K
  class space    used 9080K, committed 9792K, reserved 1048576K
}
Event: 91.351 GC heap before
{Heap before GC invocations=58 (full 3):
 PSYoungGen      total 25600K, used 25498K [0x00000000d5580000, 0x00000000d7680000, 0x0000000100000000)
  eden space 22016K, 100% used [0x00000000d5580000,0x00000000d6b00000,0x00000000d6b00000)
  from space 3584K, 97% used [0x00000000d7300000,0x00000000d7666830,0x00000000d7680000)
  to   space 5120K, 0% used [0x00000000d6c80000,0x00000000d6c80000,0x00000000d7180000)
 ParOldGen       total 68608K, used 57410K [0x0000000080000000, 0x0000000084300000, 0x00000000d5580000)
  object space 68608K, 83% used [0x0000000080000000,0x0000000083810b88,0x0000000084300000)
 Metaspace       used 73043K, committed 74560K, reserved 1114112K
  class space    used 9081K, committed 9792K, reserved 1048576K
}
Event: 91.359 GC heap after
{Heap after GC invocations=58 (full 3):
 PSYoungGen      total 25600K, used 3398K [0x00000000d5580000, 0x00000000d7380000, 0x0000000100000000)
  eden space 22016K, 0% used [0x00000000d5580000,0x00000000d5580000,0x00000000d6b00000)
  from space 3584K, 94% used [0x00000000d6c80000,0x00000000d6fd18d8,0x00000000d7000000)
  to   space 3584K, 0% used [0x00000000d7000000,0x00000000d7000000,0x00000000d7380000)
 ParOldGen       total 68608K, used 60752K [0x0000000080000000, 0x0000000084300000, 0x00000000d5580000)
  object space 68608K, 88% used [0x0000000080000000,0x0000000083b54028,0x0000000084300000)
 Metaspace       used 73043K, committed 74560K, reserved 1114112K
  class space    used 9081K, committed 9792K, reserved 1048576K
}
Event: 91.590 GC heap before
{Heap before GC invocations=59 (full 3):
 PSYoungGen      total 25600K, used 25414K [0x00000000d5580000, 0x00000000d7380000, 0x0000000100000000)
  eden space 22016K, 100% used [0x00000000d5580000,0x00000000d6b00000,0x00000000d6b00000)
  from space 3584K, 94% used [0x00000000d6c80000,0x00000000d6fd18d8,0x00000000d7000000)
  to   space 3584K, 0% used [0x00000000d7000000,0x00000000d7000000,0x00000000d7380000)
 ParOldGen       total 68608K, used 60752K [0x0000000080000000, 0x0000000084300000, 0x00000000d5580000)
  object space 68608K, 88% used [0x0000000080000000,0x0000000083b54028,0x0000000084300000)
 Metaspace       used 73068K, committed 74688K, reserved 1114112K
  class space    used 9081K, committed 9792K, reserved 1048576K
}
Event: 91.597 GC heap after
{Heap after GC invocations=59 (full 3):
 PSYoungGen      total 25600K, used 3537K [0x00000000d5580000, 0x00000000d7380000, 0x0000000100000000)
  eden space 22016K, 0% used [0x00000000d5580000,0x00000000d5580000,0x00000000d6b00000)
  from space 3584K, 98% used [0x00000000d7000000,0x00000000d7374518,0x00000000d7380000)
  to   space 3584K, 0% used [0x00000000d6c80000,0x00000000d6c80000,0x00000000d7000000)
 ParOldGen       total 68608K, used 63851K [0x0000000080000000, 0x0000000084300000, 0x00000000d5580000)
  object space 68608K, 93% used [0x0000000080000000,0x0000000083e5af68,0x0000000084300000)
 Metaspace       used 73068K, committed 74688K, reserved 1114112K
  class space    used 9081K, committed 9792K, reserved 1048576K
}
Event: 91.785 GC heap before
{Heap before GC invocations=60 (full 3):
 PSYoungGen      total 25600K, used 25553K [0x00000000d5580000, 0x00000000d7380000, 0x0000000100000000)
  eden space 22016K, 100% used [0x00000000d5580000,0x00000000d6b00000,0x00000000d6b00000)
  from space 3584K, 98% used [0x00000000d7000000,0x00000000d7374518,0x00000000d7380000)
  to   space 3584K, 0% used [0x00000000d6c80000,0x00000000d6c80000,0x00000000d7000000)
 ParOldGen       total 68608K, used 63851K [0x0000000080000000, 0x0000000084300000, 0x00000000d5580000)
  object space 68608K, 93% used [0x0000000080000000,0x0000000083e5af68,0x0000000084300000)
 Metaspace       used 73124K, committed 74752K, reserved 1114112K
  class space    used 9085K, committed 9792K, reserved 1048576K
}
Event: 91.794 GC heap after
{Heap after GC invocations=60 (full 3):
 PSYoungGen      total 25600K, used 3558K [0x00000000d5580000, 0x00000000d7b00000, 0x0000000100000000)
  eden space 22016K, 0% used [0x00000000d5580000,0x00000000d5580000,0x00000000d6b00000)
  from space 3584K, 99% used [0x00000000d6c80000,0x00000000d6ff9bf8,0x00000000d7000000)
  to   space 8192K, 0% used [0x00000000d7300000,0x00000000d7300000,0x00000000d7b00000)
 ParOldGen       total 68608K, used 67696K [0x0000000080000000, 0x0000000084300000, 0x00000000d5580000)
  object space 68608K, 98% used [0x0000000080000000,0x000000008421c060,0x0000000084300000)
 Metaspace       used 73124K, committed 74752K, reserved 1114112K
  class space    used 9085K, committed 9792K, reserved 1048576K
}
Event: 92.004 GC heap before
{Heap before GC invocations=61 (full 3):
 PSYoungGen      total 25600K, used 25574K [0x00000000d5580000, 0x00000000d7b00000, 0x0000000100000000)
  eden space 22016K, 100% used [0x00000000d5580000,0x00000000d6b00000,0x00000000d6b00000)
  from space 3584K, 99% used [0x00000000d6c80000,0x00000000d6ff9bf8,0x00000000d7000000)
  to   space 8192K, 0% used [0x00000000d7300000,0x00000000d7300000,0x00000000d7b00000)
 ParOldGen       total 68608K, used 67696K [0x0000000080000000, 0x0000000084300000, 0x00000000d5580000)
  object space 68608K, 98% used [0x0000000080000000,0x000000008421c060,0x0000000084300000)
 Metaspace       used 73131K, committed 74752K, reserved 1114112K
  class space    used 9085K, committed 9792K, reserved 1048576K
}
Event: 92.016 GC heap after
{Heap after GC invocations=61 (full 3):
 PSYoungGen      total 26624K, used 4252K [0x00000000d5580000, 0x00000000d7780000, 0x0000000100000000)
  eden space 22016K, 0% used [0x00000000d5580000,0x00000000d5580000,0x00000000d6b00000)
  from space 4608K, 92% used [0x00000000d7300000,0x00000000d7727158,0x00000000d7780000)
  to   space 5632K, 0% used [0x00000000d6c80000,0x00000000d6c80000,0x00000000d7200000)
 ParOldGen       total 71168K, used 71146K [0x0000000080000000, 0x0000000084580000, 0x00000000d5580000)
  object space 71168K, 99% used [0x0000000080000000,0x000000008457a810,0x0000000084580000)
 Metaspace       used 73131K, committed 74752K, reserved 1114112K
  class space    used 9085K, committed 9792K, reserved 1048576K
}
Event: 92.273 GC heap before
{Heap before GC invocations=62 (full 3):
 PSYoungGen      total 26624K, used 26268K [0x00000000d5580000, 0x00000000d7780000, 0x0000000100000000)
  eden space 22016K, 100% used [0x00000000d5580000,0x00000000d6b00000,0x00000000d6b00000)
  from space 4608K, 92% used [0x00000000d7300000,0x00000000d7727158,0x00000000d7780000)
  to   space 5632K, 0% used [0x00000000d6c80000,0x00000000d6c80000,0x00000000d7200000)
 ParOldGen       total 71168K, used 71146K [0x0000000080000000, 0x0000000084580000, 0x00000000d5580000)
  object space 71168K, 99% used [0x0000000080000000,0x000000008457a810,0x0000000084580000)
 Metaspace       used 73222K, committed 74816K, reserved 1114112K
  class space    used 9096K, committed 9792K, reserved 1048576K
}
Event: 92.283 GC heap after
{Heap after GC invocations=62 (full 3):
 PSYoungGen      total 26112K, used 3966K [0x00000000d5580000, 0x00000000d7400000, 0x0000000100000000)
  eden space 22016K, 0% used [0x00000000d5580000,0x00000000d5580000,0x00000000d6b00000)
  from space 4096K, 96% used [0x00000000d6c80000,0x00000000d705f8b0,0x00000000d7080000)
  to   space 3584K, 0% used [0x00000000d7080000,0x00000000d7080000,0x00000000d7400000)
 ParOldGen       total 75264K, used 75122K [0x0000000080000000, 0x0000000084980000, 0x00000000d5580000)
  object space 75264K, 99% used [0x0000000080000000,0x000000008495c9c0,0x0000000084980000)
 Metaspace       used 73222K, committed 74816K, reserved 1114112K
  class space    used 9096K, committed 9792K, reserved 1048576K
}
Event: 92.866 GC heap before
{Heap before GC invocations=63 (full 3):
 PSYoungGen      total 26112K, used 25982K [0x00000000d5580000, 0x00000000d7400000, 0x0000000100000000)
  eden space 22016K, 99% used [0x00000000d5580000,0x00000000d6afffc8,0x00000000d6b00000)
  from space 4096K, 96% used [0x00000000d6c80000,0x00000000d705f8b0,0x00000000d7080000)
  to   space 3584K, 0% used [0x00000000d7080000,0x00000000d7080000,0x00000000d7400000)
 ParOldGen       total 75264K, used 75122K [0x0000000080000000, 0x0000000084980000, 0x00000000d5580000)
  object space 75264K, 99% used [0x0000000080000000,0x000000008495c9c0,0x0000000084980000)
 Metaspace       used 73436K, committed 75008K, reserved 1179648K
  class space    used 9116K, committed 9792K, reserved 1048576K
}
Event: 92.876 GC heap after
{Heap after GC invocations=63 (full 3):
 PSYoungGen      total 25088K, used 2695K [0x00000000d5580000, 0x00000000d7380000, 0x0000000100000000)
  eden space 22016K, 0% used [0x00000000d5580000,0x00000000d5580000,0x00000000d6b00000)
  from space 3072K, 87% used [0x00000000d7080000,0x00000000d7321d38,0x00000000d7380000)
  to   space 3584K, 0% used [0x00000000d6c80000,0x00000000d6c80000,0x00000000d7000000)
 ParOldGen       total 79360K, used 78913K [0x0000000080000000, 0x0000000084d80000, 0x00000000d5580000)
  object space 79360K, 99% used [0x0000000080000000,0x0000000084d107d8,0x0000000084d80000)
 Metaspace       used 73436K, committed 75008K, reserved 1179648K
  class space    used 9116K, committed 9792K, reserved 1048576K
}

