# JRE version: OpenJDK Runtime Environment Temurin-21.0.10+7 (21.0.10+7) (build 21.0.10+7-LTS)
# Java VM: OpenJDK 64-Bit Server VM Temurin-21.0.10+7 (21.0.10+7-LTS, mixed mode, sharing, tiered, compressed oops, compressed class ptrs, parallel gc, windows-amd64)
GC Precious Log:
 CardTable entry size: 512
 CPUs: 8 total, 8 available
 Memory: 7632M
 Large Page Support: Disabled
 NUMA Support: Disabled
 Compressed Oops: Enabled (32-bit)
 Alignments: Space 512K, Generation 512K, Heap 2M
 Heap Min Capacity: 100M
 Heap Initial Capacity: 100M
 Heap Max Capacity: 2G
 Pre-touch: Disabled
 Parallel Workers: 8
Heap:
 PSYoungGen      total 5632K, used 4040K [0x00000000d5580000, 0x00000000d5c80000, 0x0000000100000000)
  eden space 4608K, 72% used [0x00000000d5580000,0x00000000d58c4a08,0x00000000d5a00000)
  from space 1024K, 67% used [0x00000000d5b80000,0x00000000d5c2d808,0x00000000d5c80000)
  to   space 1024K, 0% used [0x00000000d5a80000,0x00000000d5a80000,0x00000000d5b80000)
 ParOldGen       total 552960K, used 552708K [0x0000000080000000, 0x00000000a1c00000, 0x00000000d5580000)
  object space 552960K, 99% used [0x0000000080000000,0x00000000a1bc1300,0x00000000a1c00000)
 Metaspace       used 76670K, committed 78272K, reserved 1179648K
  class space    used 9445K, committed 10112K, reserved 1048576K
GC Heap History (20 events):
Event: 41.452 GC heap before
{Heap before GC invocations=744 (full 3):
 PSYoungGen      total 7680K, used 7608K [0x00000000d5580000, 0x00000000d5e00000, 0x0000000100000000)
  eden space 6656K, 100% used [0x00000000d5580000,0x00000000d5c00000,0x00000000d5c00000)
  from space 1024K, 92% used [0x00000000d5d00000,0x00000000d5dee008,0x00000000d5e00000)
  to   space 1024K, 0% used [0x00000000d5c00000,0x00000000d5c00000,0x00000000d5d00000)
 ParOldGen       total 544768K, used 544667K [0x0000000080000000, 0x00000000a1400000, 0x00000000d5580000)
  object space 544768K, 99% used [0x0000000080000000,0x00000000a13e6d10,0x00000000a1400000)
 Metaspace       used 76282K, committed 77952K, reserved 1179648K
  class space    used 9400K, committed 10112K, reserved 1048576K
}
Event: 41.462 GC heap after
{Heap after GC invocations=744 (full 3):
 PSYoungGen      total 7680K, used 736K [0x00000000d5580000, 0x00000000d5e00000, 0x0000000100000000)
  eden space 6656K, 0% used [0x00000000d5580000,0x00000000d5580000,0x00000000d5c00000)
  from space 1024K, 71% used [0x00000000d5c00000,0x00000000d5cb8000,0x00000000d5d00000)
  to   space 1024K, 0% used [0x00000000d5d00000,0x00000000d5d00000,0x00000000d5e00000)
 ParOldGen       total 545792K, used 545459K [0x0000000080000000, 0x00000000a1500000, 0x00000000d5580000)
  object space 545792K, 99% used [0x0000000080000000,0x00000000a14acd18,0x00000000a1500000)
 Metaspace       used 76282K, committed 77952K, reserved 1179648K
  class space    used 9400K, committed 10112K, reserved 1048576K
}
Event: 41.508 GC heap before
{Heap before GC invocations=745 (full 3):
 PSYoungGen      total 7680K, used 7392K [0x00000000d5580000, 0x00000000d5e00000, 0x0000000100000000)
  eden space 6656K, 100% used [0x00000000d5580000,0x00000000d5c00000,0x00000000d5c00000)
  from space 1024K, 71% used [0x00000000d5c00000,0x00000000d5cb8000,0x00000000d5d00000)
  to   space 1024K, 0% used [0x00000000d5d00000,0x00000000d5d00000,0x00000000d5e00000)
 ParOldGen       total 545792K, used 545459K [0x0000000080000000, 0x00000000a1500000, 0x00000000d5580000)
  object space 545792K, 99% used [0x0000000080000000,0x00000000a14acd18,0x00000000a1500000)
 Metaspace       used 76288K, committed 77952K, reserved 1179648K
  class space    used 9400K, committed 10112K, reserved 1048576K
}
Event: 41.513 GC heap after
{Heap after GC invocations=745 (full 3):
 PSYoungGen      total 7680K, used 704K [0x00000000d5580000, 0x00000000d5e00000, 0x0000000100000000)
  eden space 6656K, 0% used [0x00000000d5580000,0x00000000d5580000,0x00000000d5c00000)
  from space 1024K, 68% used [0x00000000d5d00000,0x00000000d5db0000,0x00000000d5e00000)
  to   space 1024K, 0% used [0x00000000d5c00000,0x00000000d5c00000,0x00000000d5d00000)
 ParOldGen       total 546304K, used 546072K [0x0000000080000000, 0x00000000a1580000, 0x00000000d5580000)
  object space 546304K, 99% used [0x0000000080000000,0x00000000a1546328,0x00000000a1580000)
 Metaspace       used 76288K, committed 77952K, reserved 1179648K
  class space    used 9400K, committed 10112K, reserved 1048576K
}
Event: 41.560 GC heap before
{Heap before GC invocations=746 (full 3):
 PSYoungGen      total 7680K, used 7360K [0x00000000d5580000, 0x00000000d5e00000, 0x0000000100000000)
  eden space 6656K, 100% used [0x00000000d5580000,0x00000000d5c00000,0x00000000d5c00000)
  from space 1024K, 68% used [0x00000000d5d00000,0x00000000d5db0000,0x00000000d5e00000)
  to   space 1024K, 0% used [0x00000000d5c00000,0x00000000d5c00000,0x00000000d5d00000)
 ParOldGen       total 546304K, used 546091K [0x0000000080000000, 0x00000000a1580000, 0x00000000d5580000)
  object space 546304K, 99% used [0x0000000080000000,0x00000000a154ada0,0x00000000a1580000)
 Metaspace       used 76301K, committed 77952K, reserved 1179648K
  class space    used 9400K, committed 10112K, reserved 1048576K
}
Event: 41.566 GC heap after
{Heap after GC invocations=746 (full 3):
 PSYoungGen      total 7680K, used 755K [0x00000000d5580000, 0x00000000d5e00000, 0x0000000100000000)
  eden space 6656K, 0% used [0x00000000d5580000,0x00000000d5580000,0x00000000d5c00000)
  from space 1024K, 73% used [0x00000000d5c00000,0x00000000d5cbcf20,0x00000000d5d00000)
  to   space 1024K, 0% used [0x00000000d5d00000,0x00000000d5d00000,0x00000000d5e00000)
 ParOldGen       total 546816K, used 546635K [0x0000000080000000, 0x00000000a1600000, 0x00000000d5580000)
  object space 546816K, 99% used [0x0000000080000000,0x00000000a15d2da0,0x00000000a1600000)
 Metaspace       used 76301K, committed 77952K, reserved 1179648K
  class space    used 9400K, committed 10112K, reserved 1048576K
}
Event: 41.676 GC heap before
{Heap before GC invocations=747 (full 3):
 PSYoungGen      total 7680K, used 7411K [0x00000000d5580000, 0x00000000d5e00000, 0x0000000100000000)
  eden space 6656K, 100% used [0x00000000d5580000,0x00000000d5c00000,0x00000000d5c00000)
  from space 1024K, 73% used [0x00000000d5c00000,0x00000000d5cbcf20,0x00000000d5d00000)
  to   space 1024K, 0% used [0x00000000d5d00000,0x00000000d5d00000,0x00000000d5e00000)
 ParOldGen       total 546816K, used 546642K [0x0000000080000000, 0x00000000a1600000, 0x00000000d5580000)
  object space 546816K, 99% used [0x0000000080000000,0x00000000a15d4af0,0x00000000a1600000)
 Metaspace       used 76328K, committed 77952K, reserved 1179648K
  class space    used 9405K, committed 10112K, reserved 1048576K
}
Event: 41.680 GC heap after
{Heap after GC invocations=747 (full 3):
 PSYoungGen      total 7680K, used 704K [0x00000000d5580000, 0x00000000d5e00000, 0x0000000100000000)
  eden space 6656K, 0% used [0x00000000d5580000,0x00000000d5580000,0x00000000d5c00000)
  from space 1024K, 68% used [0x00000000d5d00000,0x00000000d5db0000,0x00000000d5e00000)
  to   space 1024K, 0% used [0x00000000d5c00000,0x00000000d5c00000,0x00000000d5d00000)
 ParOldGen       total 547328K, used 547234K [0x0000000080000000, 0x00000000a1680000, 0x00000000d5580000)
  object space 547328K, 99% used [0x0000000080000000,0x00000000a1668af0,0x00000000a1680000)
 Metaspace       used 76328K, committed 77952K, reserved 1179648K
  class space    used 9405K, committed 10112K, reserved 1048576K
}
Event: 41.750 GC heap before
{Heap before GC invocations=748 (full 3):
 PSYoungGen      total 7680K, used 7359K [0x00000000d5580000, 0x00000000d5e00000, 0x0000000100000000)
  eden space 6656K, 99% used [0x00000000d5580000,0x00000000d5bfff80,0x00000000d5c00000)
  from space 1024K, 68% used [0x00000000d5d00000,0x00000000d5db0000,0x00000000d5e00000)
  to   space 1024K, 0% used [0x00000000d5c00000,0x00000000d5c00000,0x00000000d5d00000)
 ParOldGen       total 547328K, used 547234K [0x0000000080000000, 0x00000000a1680000, 0x00000000d5580000)
  object space 547328K, 99% used [0x0000000080000000,0x00000000a1668af0,0x00000000a1680000)
 Metaspace       used 76471K, committed 78080K, reserved 1179648K
  class space    used 9426K, committed 10112K, reserved 1048576K
}
Event: 41.755 GC heap after
{Heap after GC invocations=748 (full 3):
 PSYoungGen      total 7680K, used 704K [0x00000000d5580000, 0x00000000d5e00000, 0x0000000100000000)
  eden space 6656K, 0% used [0x00000000d5580000,0x00000000d5580000,0x00000000d5c00000)
  from space 1024K, 68% used [0x00000000d5c00000,0x00000000d5cb0000,0x00000000d5d00000)
  to   space 1024K, 0% used [0x00000000d5d00000,0x00000000d5d00000,0x00000000d5e00000)
 ParOldGen       total 547840K, used 547838K [0x0000000080000000, 0x00000000a1700000, 0x00000000d5580000)
  object space 547840K, 99% used [0x0000000080000000,0x00000000a16ffb00,0x00000000a1700000)
 Metaspace       used 76471K, committed 78080K, reserved 1179648K
  class space    used 9426K, committed 10112K, reserved 1048576K
}
Event: 41.835 GC heap before
{Heap before GC invocations=749 (full 3):
 PSYoungGen      total 7680K, used 7360K [0x00000000d5580000, 0x00000000d5e00000, 0x0000000100000000)
  eden space 6656K, 100% used [0x00000000d5580000,0x00000000d5c00000,0x00000000d5c00000)
  from space 1024K, 68% used [0x00000000d5c00000,0x00000000d5cb0000,0x00000000d5d00000)
  to   space 1024K, 0% used [0x00000000d5d00000,0x00000000d5d00000,0x00000000d5e00000)
 ParOldGen       total 547840K, used 547838K [0x0000000080000000, 0x00000000a1700000, 0x00000000d5580000)
  object space 547840K, 99% used [0x0000000080000000,0x00000000a16ffb00,0x00000000a1700000)
 Metaspace       used 76558K, committed 78144K, reserved 1179648K
  class space    used 9432K, committed 10112K, reserved 1048576K
}
Event: 41.842 GC heap after
{Heap after GC invocations=749 (full 3):
 PSYoungGen      total 5632K, used 1003K [0x00000000d5580000, 0x00000000d6200000, 0x0000000100000000)
  eden space 4608K, 0% used [0x00000000d5580000,0x00000000d5580000,0x00000000d5a00000)
  from space 1024K, 97% used [0x00000000d5d00000,0x00000000d5dfac00,0x00000000d5e00000)
  to   space 3072K, 0% used [0x00000000d5a00000,0x00000000d5a00000,0x00000000d5d00000)
 ParOldGen       total 549376K, used 549320K [0x0000000080000000, 0x00000000a1880000, 0x00000000d5580000)
  object space 549376K, 99% used [0x0000000080000000,0x00000000a1872100,0x00000000a1880000)
 Metaspace       used 76558K, committed 78144K, reserved 1179648K
  class space    used 9432K, committed 10112K, reserved 1048576K
}
Event: 41.978 GC heap before
{Heap before GC invocations=750 (full 3):
 PSYoungGen      total 5632K, used 5608K [0x00000000d5580000, 0x00000000d6200000, 0x0000000100000000)
  eden space 4608K, 99% used [0x00000000d5580000,0x00000000d59ff750,0x00000000d5a00000)
  from space 1024K, 97% used [0x00000000d5d00000,0x00000000d5dfac00,0x00000000d5e00000)
  to   space 3072K, 0% used [0x00000000d5a00000,0x00000000d5a00000,0x00000000d5d00000)
 ParOldGen       total 549376K, used 549320K [0x0000000080000000, 0x00000000a1880000, 0x00000000d5580000)
  object space 549376K, 99% used [0x0000000080000000,0x00000000a1872100,0x00000000a1880000)
 Metaspace       used 76644K, committed 78208K, reserved 1179648K
  class space    used 9442K, committed 10112K, reserved 1048576K
}
Event: 41.982 GC heap after
{Heap after GC invocations=750 (full 3):
 PSYoungGen      total 6144K, used 1142K [0x00000000d5580000, 0x00000000d5e00000, 0x0000000100000000)
  eden space 4608K, 0% used [0x00000000d5580000,0x00000000d5580000,0x00000000d5a00000)
  from space 1536K, 74% used [0x00000000d5a00000,0x00000000d5b1dba8,0x00000000d5b80000)
  to   space 2048K, 0% used [0x00000000d5c00000,0x00000000d5c00000,0x00000000d5e00000)
 ParOldGen       total 549888K, used 549576K [0x0000000080000000, 0x00000000a1900000, 0x00000000d5580000)
  object space 549888K, 99% used [0x0000000080000000,0x00000000a18b2100,0x00000000a1900000)
 Metaspace       used 76644K, committed 78208K, reserved 1179648K
  class space    used 9442K, committed 10112K, reserved 1048576K
}
Event: 42.043 GC heap before
{Heap before GC invocations=751 (full 3):
 PSYoungGen      total 6144K, used 5750K [0x00000000d5580000, 0x00000000d5e00000, 0x0000000100000000)
  eden space 4608K, 100% used [0x00000000d5580000,0x00000000d5a00000,0x00000000d5a00000)
  from space 1536K, 74% used [0x00000000d5a00000,0x00000000d5b1dba8,0x00000000d5b80000)
  to   space 2048K, 0% used [0x00000000d5c00000,0x00000000d5c00000,0x00000000d5e00000)
 ParOldGen       total 549888K, used 549576K [0x0000000080000000, 0x00000000a1900000, 0x00000000d5580000)
  object space 549888K, 99% used [0x0000000080000000,0x00000000a18b2100,0x00000000a1900000)
 Metaspace       used 76644K, committed 78208K, reserved 1179648K
  class space    used 9442K, committed 10112K, reserved 1048576K
}
Event: 42.047 GC heap after
{Heap after GC invocations=751 (full 3):
 PSYoungGen      total 5632K, used 544K [0x00000000d5580000, 0x00000000d5d00000, 0x0000000100000000)
  eden space 4608K, 0% used [0x00000000d5580000,0x00000000d5580000,0x00000000d5a00000)
  from space 1024K, 53% used [0x00000000d5c00000,0x00000000d5c88000,0x00000000d5d00000)
  to   space 1024K, 0% used [0x00000000d5b00000,0x00000000d5b00000,0x00000000d5c00000)
 ParOldGen       total 550912K, used 550652K [0x0000000080000000, 0x00000000a1a00000, 0x00000000d5580000)
  object space 550912K, 99% used [0x0000000080000000,0x00000000a19bf0b0,0x00000000a1a00000)
 Metaspace       used 76644K, committed 78208K, reserved 1179648K
  class space    used 9442K, committed 10112K, reserved 1048576K
}
Event: 42.199 GC heap before
{Heap before GC invocations=752 (full 3):
 PSYoungGen      total 5632K, used 5152K [0x00000000d5580000, 0x00000000d5d00000, 0x0000000100000000)
  eden space 4608K, 100% used [0x00000000d5580000,0x00000000d5a00000,0x00000000d5a00000)
  from space 1024K, 53% used [0x00000000d5c00000,0x00000000d5c88000,0x00000000d5d00000)
  to   space 1024K, 0% used [0x00000000d5b00000,0x00000000d5b00000,0x00000000d5c00000)
 ParOldGen       total 550912K, used 550652K [0x0000000080000000, 0x00000000a1a00000, 0x00000000d5580000)
  object space 550912K, 99% used [0x0000000080000000,0x00000000a19bf0b0,0x00000000a1a00000)
 Metaspace       used 76652K, committed 78272K, reserved 1179648K
  class space    used 9442K, committed 10112K, reserved 1048576K
}
Event: 42.203 GC heap after
{Heap after GC invocations=752 (full 3):
 PSYoungGen      total 5632K, used 714K [0x00000000d5580000, 0x00000000d5c80000, 0x0000000100000000)
  eden space 4608K, 0% used [0x00000000d5580000,0x00000000d5580000,0x00000000d5a00000)
  from space 1024K, 69% used [0x00000000d5b00000,0x00000000d5bb2a30,0x00000000d5c00000)
  to   space 512K, 0% used [0x00000000d5c00000,0x00000000d5c00000,0x00000000d5c80000)
 ParOldGen       total 551424K, used 551143K [0x0000000080000000, 0x00000000a1a80000, 0x00000000d5580000)
  object space 551424K, 99% used [0x0000000080000000,0x00000000a1a39cb8,0x00000000a1a80000)
 Metaspace       used 76652K, committed 78272K, reserved 1179648K
  class space    used 9442K, committed 10112K, reserved 1048576K
}
Event: 42.251 GC heap before
{Heap before GC invocations=753 (full 3):
 PSYoungGen      total 5632K, used 5322K [0x00000000d5580000, 0x00000000d5c80000, 0x0000000100000000)
  eden space 4608K, 100% used [0x00000000d5580000,0x00000000d5a00000,0x00000000d5a00000)
  from space 1024K, 69% used [0x00000000d5b00000,0x00000000d5bb2a30,0x00000000d5c00000)
  to   space 512K, 0% used [0x00000000d5c00000,0x00000000d5c00000,0x00000000d5c80000)
 ParOldGen       total 551424K, used 551143K [0x0000000080000000, 0x00000000a1a80000, 0x00000000d5580000)
  object space 551424K, 99% used [0x0000000080000000,0x00000000a1a39cb8,0x00000000a1a80000)
 Metaspace       used 76652K, committed 78272K, reserved 1179648K
  class space    used 9442K, committed 10112K, reserved 1048576K
}
Event: 42.255 GC heap after
{Heap after GC invocations=753 (full 3):
 PSYoungGen      total 5120K, used 507K [0x00000000d5580000, 0x00000000d5d00000, 0x0000000100000000)
  eden space 4608K, 0% used [0x00000000d5580000,0x00000000d5580000,0x00000000d5a00000)
  from space 512K, 99% used [0x00000000d5c00000,0x00000000d5c7ec08,0x00000000d5c80000)
  to   space 1536K, 0% used [0x00000000d5a00000,0x00000000d5a00000,0x00000000d5b80000)
 ParOldGen       total 551936K, used 551729K [0x0000000080000000, 0x00000000a1b00000, 0x00000000d5580000)
  object space 551936K, 99% used [0x0000000080000000,0x00000000a1acc6f8,0x00000000a1b00000)
 Metaspace       used 76652K, committed 78272K, reserved 1179648K
  class space    used 9442K, committed 10112K, reserved 1048576K
}

