# JRE version: Java(TM) SE Runtime Environment (21.0.8+12) (build 21.0.8+12-LTS-250)
# Java VM: Java HotSpot(TM) 64-Bit Server VM (21.0.8+12-LTS-250, mixed mode, sharing, tiered, compressed oops, compressed class ptrs, g1 gc, windows-amd64)
GC Precious Log:
 CardTable entry size: 512
 Card Set container configuration: InlinePtr #cards 5 size 8 Array Of Cards #cards 12 size 40 Howl #buckets 4 coarsen threshold 1843 Howl Bitmap #cards 512 size 80 coarsen threshold 460 Card regions per heap region 1 cards per card region 2048
 CPUs: 8 total, 8 available
 Memory: 7632M
 Large Page Support: Disabled
 NUMA Support: Disabled
 Compressed Oops: Enabled (32-bit)
 Heap Region Size: 1M
 Heap Min Capacity: 8M
 Heap Initial Capacity: 120M
 Heap Max Capacity: 1910M
 Pre-touch: Disabled
 Parallel Workers: 8
 Concurrent Workers: 2
 Concurrent Refinement Workers: 8
 Periodic GC: Disabled
Heap:
 garbage-first heap   total 40960K, used 32142K [0x0000000088a00000, 0x0000000100000000)
  region size 1024K, 28 young (28672K), 6 survivors (6144K)
 Metaspace       used 28425K, committed 28736K, reserved 1114112K
  class space    used 3344K, committed 3456K, reserved 1048576K
GC Heap History (6 events):
Event: 2.493 GC heap before
{Heap before GC invocations=0 (full 0):
 garbage-first heap   total 122880K, used 23552K [0x0000000088a00000, 0x0000000100000000)
  region size 1024K, 23 young (23552K), 0 survivors (0K)
 Metaspace       used 6783K, committed 6976K, reserved 1114112K
  class space    used 599K, committed 704K, reserved 1048576K
}
Event: 2.500 GC heap after
{Heap after GC invocations=1 (full 0):
 garbage-first heap   total 122880K, used 4352K [0x0000000088a00000, 0x0000000100000000)
  region size 1024K, 3 young (3072K), 3 survivors (3072K)
 Metaspace       used 6783K, committed 6976K, reserved 1114112K
  class space    used 599K, committed 704K, reserved 1048576K
}
Event: 6.085 GC heap before
{Heap before GC invocations=1 (full 0):
 garbage-first heap   total 122880K, used 36096K [0x0000000088a00000, 0x0000000100000000)
  region size 1024K, 35 young (35840K), 3 survivors (3072K)
 Metaspace       used 13589K, committed 13824K, reserved 1114112K
  class space    used 1602K, committed 1728K, reserved 1048576K
}
Event: 6.117 GC heap after
{Heap after GC invocations=2 (full 0):
 garbage-first heap   total 122880K, used 6773K [0x0000000088a00000, 0x0000000100000000)
  region size 1024K, 2 young (2048K), 2 survivors (2048K)
 Metaspace       used 13589K, committed 13824K, reserved 1114112K
  class space    used 1602K, committed 1728K, reserved 1048576K
}
Event: 8.740 GC heap before
{Heap before GC invocations=2 (full 0):
 garbage-first heap   total 122880K, used 43637K [0x0000000088a00000, 0x0000000100000000)
  region size 1024K, 39 young (39936K), 2 survivors (2048K)
 Metaspace       used 21254K, committed 21504K, reserved 1114112K
  class space    used 2454K, committed 2560K, reserved 1048576K
}
Event: 8.759 GC heap after
{Heap after GC invocations=3 (full 0):
 garbage-first heap   total 122880K, used 10638K [0x0000000088a00000, 0x0000000100000000)
  region size 1024K, 6 young (6144K), 6 survivors (6144K)
 Metaspace       used 21254K, committed 21504K, reserved 1114112K
  class space    used 2454K, committed 2560K, reserved 1048576K
}

