# JRE version: OpenJDK Runtime Environment Temurin-21.0.10+7 (21.0.10+7) (build 21.0.10+7-LTS)
# Java VM: OpenJDK 64-Bit Server VM Temurin-21.0.10+7 (21.0.10+7-LTS, mixed mode, sharing, tiered, compressed oops, compressed class ptrs, parallel gc, windows-amd64)
GC Precious Log:
 CardTable entry size: 512
 CPUs: 8 total, 8 available
 Memory: 7632M
 Large Page Support: Disabled
 NUMA Support: Disabled
 Compressed Oops: Enabled (32-bit)
 Alignments: Space 512K, Generation 512K, Heap 2M
 Heap Min Capacity: 100M
 Heap Initial Capacity: 100M
 Heap Max Capacity: 2G
 Pre-touch: Disabled
 Parallel Workers: 8
Heap:
 PSYoungGen      total 6656K, used 4340K [0x00000000d5580000, 0x00000000d5d00000, 0x0000000100000000)
  eden space 5632K, 67% used [0x00000000d5580000,0x00000000d5935108,0x00000000d5b00000)
  from space 1024K, 53% used [0x00000000d5b00000,0x00000000d5b88000,0x00000000d5c00000)
  to   space 1024K, 0% used [0x00000000d5c00000,0x00000000d5c00000,0x00000000d5d00000)
 ParOldGen       total 169472K, used 168974K [0x0000000080000000, 0x000000008a580000, 0x00000000d5580000)
  object space 169472K, 99% used [0x0000000080000000,0x000000008a503ae0,0x000000008a580000)
 Metaspace       used 76448K, committed 77952K, reserved 1179648K
  class space    used 9426K, committed 10112K, reserved 1048576K
GC Heap History (20 events):
Event: 35.859 GC heap before
{Heap before GC invocations=227 (full 3):
 PSYoungGen      total 6656K, used 6358K [0x00000000d5580000, 0x00000000d5d00000, 0x0000000100000000)
  eden space 5632K, 100% used [0x00000000d5580000,0x00000000d5b00000,0x00000000d5b00000)
  from space 1024K, 70% used [0x00000000d5b00000,0x00000000d5bb5808,0x00000000d5c00000)
  to   space 1024K, 0% used [0x00000000d5c00000,0x00000000d5c00000,0x00000000d5d00000)
 ParOldGen       total 163328K, used 162928K [0x0000000080000000, 0x0000000089f80000, 0x00000000d5580000)
  object space 163328K, 99% used [0x0000000080000000,0x0000000089f1c148,0x0000000089f80000)
 Metaspace       used 76448K, committed 77952K, reserved 1179648K
  class space    used 9426K, committed 10112K, reserved 1048576K
}
Event: 35.861 GC heap after
{Heap after GC invocations=227 (full 3):
 PSYoungGen      total 6656K, used 544K [0x00000000d5580000, 0x00000000d5d00000, 0x0000000100000000)
  eden space 5632K, 0% used [0x00000000d5580000,0x00000000d5580000,0x00000000d5b00000)
  from space 1024K, 53% used [0x00000000d5c00000,0x00000000d5c88000,0x00000000d5d00000)
  to   space 1024K, 0% used [0x00000000d5b00000,0x00000000d5b00000,0x00000000d5c00000)
 ParOldGen       total 163840K, used 163566K [0x0000000080000000, 0x000000008a000000, 0x00000000d5580000)
  object space 163840K, 99% used [0x0000000080000000,0x0000000089fbb950,0x000000008a000000)
 Metaspace       used 76448K, committed 77952K, reserved 1179648K
  class space    used 9426K, committed 10112K, reserved 1048576K
}
Event: 35.905 GC heap before
{Heap before GC invocations=228 (full 3):
 PSYoungGen      total 6656K, used 6176K [0x00000000d5580000, 0x00000000d5d00000, 0x0000000100000000)
  eden space 5632K, 100% used [0x00000000d5580000,0x00000000d5b00000,0x00000000d5b00000)
  from space 1024K, 53% used [0x00000000d5c00000,0x00000000d5c88000,0x00000000d5d00000)
  to   space 1024K, 0% used [0x00000000d5b00000,0x00000000d5b00000,0x00000000d5c00000)
 ParOldGen       total 163840K, used 163566K [0x0000000080000000, 0x000000008a000000, 0x00000000d5580000)
  object space 163840K, 99% used [0x0000000080000000,0x0000000089fbb950,0x000000008a000000)
 Metaspace       used 76448K, committed 77952K, reserved 1179648K
  class space    used 9426K, committed 10112K, reserved 1048576K
}
Event: 35.907 GC heap after
{Heap after GC invocations=228 (full 3):
 PSYoungGen      total 6656K, used 651K [0x00000000d5580000, 0x00000000d5d00000, 0x0000000100000000)
  eden space 5632K, 0% used [0x00000000d5580000,0x00000000d5580000,0x00000000d5b00000)
  from space 1024K, 63% used [0x00000000d5b00000,0x00000000d5ba2ea0,0x00000000d5c00000)
  to   space 1024K, 0% used [0x00000000d5c00000,0x00000000d5c00000,0x00000000d5d00000)
 ParOldGen       total 164352K, used 163958K [0x0000000080000000, 0x000000008a080000, 0x00000000d5580000)
  object space 164352K, 99% used [0x0000000080000000,0x000000008a01d950,0x000000008a080000)
 Metaspace       used 76448K, committed 77952K, reserved 1179648K
  class space    used 9426K, committed 10112K, reserved 1048576K
}
Event: 35.924 GC heap before
{Heap before GC invocations=229 (full 3):
 PSYoungGen      total 6656K, used 6283K [0x00000000d5580000, 0x00000000d5d00000, 0x0000000100000000)
  eden space 5632K, 100% used [0x00000000d5580000,0x00000000d5b00000,0x00000000d5b00000)
  from space 1024K, 63% used [0x00000000d5b00000,0x00000000d5ba2ea0,0x00000000d5c00000)
  to   space 1024K, 0% used [0x00000000d5c00000,0x00000000d5c00000,0x00000000d5d00000)
 ParOldGen       total 164352K, used 163958K [0x0000000080000000, 0x000000008a080000, 0x00000000d5580000)
  object space 164352K, 99% used [0x0000000080000000,0x000000008a01d950,0x000000008a080000)
 Metaspace       used 76448K, committed 77952K, reserved 1179648K
  class space    used 9426K, committed 10112K, reserved 1048576K
}
Event: 35.926 GC heap after
{Heap after GC invocations=229 (full 3):
 PSYoungGen      total 6656K, used 886K [0x00000000d5580000, 0x00000000d5d00000, 0x0000000100000000)
  eden space 5632K, 0% used [0x00000000d5580000,0x00000000d5580000,0x00000000d5b00000)
  from space 1024K, 86% used [0x00000000d5c00000,0x00000000d5cdd808,0x00000000d5d00000)
  to   space 1024K, 0% used [0x00000000d5b00000,0x00000000d5b00000,0x00000000d5c00000)
 ParOldGen       total 164864K, used 164457K [0x0000000080000000, 0x000000008a100000, 0x00000000d5580000)
  object space 164864K, 99% used [0x0000000080000000,0x000000008a09a7f0,0x000000008a100000)
 Metaspace       used 76448K, committed 77952K, reserved 1179648K
  class space    used 9426K, committed 10112K, reserved 1048576K
}
Event: 35.944 GC heap before
{Heap before GC invocations=230 (full 3):
 PSYoungGen      total 6656K, used 6518K [0x00000000d5580000, 0x00000000d5d00000, 0x0000000100000000)
  eden space 5632K, 100% used [0x00000000d5580000,0x00000000d5b00000,0x00000000d5b00000)
  from space 1024K, 86% used [0x00000000d5c00000,0x00000000d5cdd808,0x00000000d5d00000)
  to   space 1024K, 0% used [0x00000000d5b00000,0x00000000d5b00000,0x00000000d5c00000)
 ParOldGen       total 164864K, used 164457K [0x0000000080000000, 0x000000008a100000, 0x00000000d5580000)
  object space 164864K, 99% used [0x0000000080000000,0x000000008a09a7f0,0x000000008a100000)
 Metaspace       used 76448K, committed 77952K, reserved 1179648K
  class space    used 9426K, committed 10112K, reserved 1048576K
}
Event: 35.946 GC heap after
{Heap after GC invocations=230 (full 3):
 PSYoungGen      total 6656K, used 768K [0x00000000d5580000, 0x00000000d5d00000, 0x0000000100000000)
  eden space 5632K, 0% used [0x00000000d5580000,0x00000000d5580000,0x00000000d5b00000)
  from space 1024K, 75% used [0x00000000d5b00000,0x00000000d5bc0000,0x00000000d5c00000)
  to   space 1024K, 0% used [0x00000000d5c00000,0x00000000d5c00000,0x00000000d5d00000)
 ParOldGen       total 165376K, used 165215K [0x0000000080000000, 0x000000008a180000, 0x00000000d5580000)
  object space 165376K, 99% used [0x0000000080000000,0x000000008a157ff8,0x000000008a180000)
 Metaspace       used 76448K, committed 77952K, reserved 1179648K
  class space    used 9426K, committed 10112K, reserved 1048576K
}
Event: 35.970 GC heap before
{Heap before GC invocations=231 (full 3):
 PSYoungGen      total 6656K, used 6400K [0x00000000d5580000, 0x00000000d5d00000, 0x0000000100000000)
  eden space 5632K, 100% used [0x00000000d5580000,0x00000000d5b00000,0x00000000d5b00000)
  from space 1024K, 75% used [0x00000000d5b00000,0x00000000d5bc0000,0x00000000d5c00000)
  to   space 1024K, 0% used [0x00000000d5c00000,0x00000000d5c00000,0x00000000d5d00000)
 ParOldGen       total 165376K, used 165215K [0x0000000080000000, 0x000000008a180000, 0x00000000d5580000)
  object space 165376K, 99% used [0x0000000080000000,0x000000008a157ff8,0x000000008a180000)
 Metaspace       used 76448K, committed 77952K, reserved 1179648K
  class space    used 9426K, committed 10112K, reserved 1048576K
}
Event: 35.972 GC heap after
{Heap after GC invocations=231 (full 3):
 PSYoungGen      total 6656K, used 768K [0x00000000d5580000, 0x00000000d5d00000, 0x0000000100000000)
  eden space 5632K, 0% used [0x00000000d5580000,0x00000000d5580000,0x00000000d5b00000)
  from space 1024K, 75% used [0x00000000d5c00000,0x00000000d5cc0000,0x00000000d5d00000)
  to   space 1024K, 0% used [0x00000000d5b00000,0x00000000d5b00000,0x00000000d5c00000)
 ParOldGen       total 165888K, used 165823K [0x0000000080000000, 0x000000008a200000, 0x00000000d5580000)
  object space 165888K, 99% used [0x0000000080000000,0x000000008a1efff8,0x000000008a200000)
 Metaspace       used 76448K, committed 77952K, reserved 1179648K
  class space    used 9426K, committed 10112K, reserved 1048576K
}
Event: 36.047 GC heap before
{Heap before GC invocations=232 (full 3):
 PSYoungGen      total 6656K, used 6400K [0x00000000d5580000, 0x00000000d5d00000, 0x0000000100000000)
  eden space 5632K, 100% used [0x00000000d5580000,0x00000000d5b00000,0x00000000d5b00000)
  from space 1024K, 75% used [0x00000000d5c00000,0x00000000d5cc0000,0x00000000d5d00000)
  to   space 1024K, 0% used [0x00000000d5b00000,0x00000000d5b00000,0x00000000d5c00000)
 ParOldGen       total 165888K, used 165823K [0x0000000080000000, 0x000000008a200000, 0x00000000d5580000)
  object space 165888K, 99% used [0x0000000080000000,0x000000008a1efff8,0x000000008a200000)
 Metaspace       used 76448K, committed 77952K, reserved 1179648K
  class space    used 9426K, committed 10112K, reserved 1048576K
}
Event: 36.049 GC heap after
{Heap after GC invocations=232 (full 3):
 PSYoungGen      total 6656K, used 720K [0x00000000d5580000, 0x00000000d5d00000, 0x0000000100000000)
  eden space 5632K, 0% used [0x00000000d5580000,0x00000000d5580000,0x00000000d5b00000)
  from space 1024K, 70% used [0x00000000d5b00000,0x00000000d5bb42e0,0x00000000d5c00000)
  to   space 1024K, 0% used [0x00000000d5c00000,0x00000000d5c00000,0x00000000d5d00000)
 ParOldGen       total 166912K, used 166495K [0x0000000080000000, 0x000000008a300000, 0x00000000d5580000)
  object space 166912K, 99% used [0x0000000080000000,0x000000008a297ff8,0x000000008a300000)
 Metaspace       used 76448K, committed 77952K, reserved 1179648K
  class space    used 9426K, committed 10112K, reserved 1048576K
}
Event: 36.068 GC heap before
{Heap before GC invocations=233 (full 3):
 PSYoungGen      total 6656K, used 6352K [0x00000000d5580000, 0x00000000d5d00000, 0x0000000100000000)
  eden space 5632K, 100% used [0x00000000d5580000,0x00000000d5b00000,0x00000000d5b00000)
  from space 1024K, 70% used [0x00000000d5b00000,0x00000000d5bb42e0,0x00000000d5c00000)
  to   space 1024K, 0% used [0x00000000d5c00000,0x00000000d5c00000,0x00000000d5d00000)
 ParOldGen       total 166912K, used 166495K [0x0000000080000000, 0x000000008a300000, 0x00000000d5580000)
  object space 166912K, 99% used [0x0000000080000000,0x000000008a297ff8,0x000000008a300000)
 Metaspace       used 76448K, committed 77952K, reserved 1179648K
  class space    used 9426K, committed 10112K, reserved 1048576K
}
Event: 36.071 GC heap after
{Heap after GC invocations=233 (full 3):
 PSYoungGen      total 6656K, used 795K [0x00000000d5580000, 0x00000000d5d00000, 0x0000000100000000)
  eden space 5632K, 0% used [0x00000000d5580000,0x00000000d5580000,0x00000000d5b00000)
  from space 1024K, 77% used [0x00000000d5c00000,0x00000000d5cc6c08,0x00000000d5d00000)
  to   space 1024K, 0% used [0x00000000d5b00000,0x00000000d5b00000,0x00000000d5c00000)
 ParOldGen       total 167424K, used 167112K [0x0000000080000000, 0x000000008a380000, 0x00000000d5580000)
  object space 167424K, 99% used [0x0000000080000000,0x000000008a3322d8,0x000000008a380000)
 Metaspace       used 76448K, committed 77952K, reserved 1179648K
  class space    used 9426K, committed 10112K, reserved 1048576K
}
Event: 36.092 GC heap before
{Heap before GC invocations=234 (full 3):
 PSYoungGen      total 6656K, used 6427K [0x00000000d5580000, 0x00000000d5d00000, 0x0000000100000000)
  eden space 5632K, 100% used [0x00000000d5580000,0x00000000d5b00000,0x00000000d5b00000)
  from space 1024K, 77% used [0x00000000d5c00000,0x00000000d5cc6c08,0x00000000d5d00000)
  to   space 1024K, 0% used [0x00000000d5b00000,0x00000000d5b00000,0x00000000d5c00000)
 ParOldGen       total 167424K, used 167112K [0x0000000080000000, 0x000000008a380000, 0x00000000d5580000)
  object space 167424K, 99% used [0x0000000080000000,0x000000008a3322d8,0x000000008a380000)
 Metaspace       used 76448K, committed 77952K, reserved 1179648K
  class space    used 9426K, committed 10112K, reserved 1048576K
}
Event: 36.094 GC heap after
{Heap after GC invocations=234 (full 3):
 PSYoungGen      total 6656K, used 790K [0x00000000d5580000, 0x00000000d5d00000, 0x0000000100000000)
  eden space 5632K, 0% used [0x00000000d5580000,0x00000000d5580000,0x00000000d5b00000)
  from space 1024K, 77% used [0x00000000d5b00000,0x00000000d5bc5808,0x00000000d5c00000)
  to   space 1024K, 0% used [0x00000000d5c00000,0x00000000d5c00000,0x00000000d5d00000)
 ParOldGen       total 167936K, used 167760K [0x0000000080000000, 0x000000008a400000, 0x00000000d5580000)
  object space 167936K, 99% used [0x0000000080000000,0x000000008a3d42d8,0x000000008a400000)
 Metaspace       used 76448K, committed 77952K, reserved 1179648K
  class space    used 9426K, committed 10112K, reserved 1048576K
}
Event: 36.118 GC heap before
{Heap before GC invocations=235 (full 3):
 PSYoungGen      total 6656K, used 6422K [0x00000000d5580000, 0x00000000d5d00000, 0x0000000100000000)
  eden space 5632K, 100% used [0x00000000d5580000,0x00000000d5b00000,0x00000000d5b00000)
  from space 1024K, 77% used [0x00000000d5b00000,0x00000000d5bc5808,0x00000000d5c00000)
  to   space 1024K, 0% used [0x00000000d5c00000,0x00000000d5c00000,0x00000000d5d00000)
 ParOldGen       total 167936K, used 167760K [0x0000000080000000, 0x000000008a400000, 0x00000000d5580000)
  object space 167936K, 99% used [0x0000000080000000,0x000000008a3d42d8,0x000000008a400000)
 Metaspace       used 76448K, committed 77952K, reserved 1179648K
  class space    used 9426K, committed 10112K, reserved 1048576K
}
Event: 36.120 GC heap after
{Heap after GC invocations=235 (full 3):
 PSYoungGen      total 6656K, used 608K [0x00000000d5580000, 0x00000000d5d00000, 0x0000000100000000)
  eden space 5632K, 0% used [0x00000000d5580000,0x00000000d5580000,0x00000000d5b00000)
  from space 1024K, 59% used [0x00000000d5c00000,0x00000000d5c98000,0x00000000d5d00000)
  to   space 1024K, 0% used [0x00000000d5b00000,0x00000000d5b00000,0x00000000d5c00000)
 ParOldGen       total 168448K, used 168422K [0x0000000080000000, 0x000000008a480000, 0x00000000d5580000)
  object space 168448K, 99% used [0x0000000080000000,0x000000008a479ae0,0x000000008a480000)
 Metaspace       used 76448K, committed 77952K, reserved 1179648K
  class space    used 9426K, committed 10112K, reserved 1048576K
}
Event: 36.186 GC heap before
{Heap before GC invocations=236 (full 3):
 PSYoungGen      total 6656K, used 6240K [0x00000000d5580000, 0x00000000d5d00000, 0x0000000100000000)
  eden space 5632K, 100% used [0x00000000d5580000,0x00000000d5b00000,0x00000000d5b00000)
  from space 1024K, 59% used [0x00000000d5c00000,0x00000000d5c98000,0x00000000d5d00000)
  to   space 1024K, 0% used [0x00000000d5b00000,0x00000000d5b00000,0x00000000d5c00000)
 ParOldGen       total 168448K, used 168422K [0x0000000080000000, 0x000000008a480000, 0x00000000d5580000)
  object space 168448K, 99% used [0x0000000080000000,0x000000008a479ae0,0x000000008a480000)
 Metaspace       used 76448K, committed 77952K, reserved 1179648K
  class space    used 9426K, committed 10112K, reserved 1048576K
}
Event: 36.188 GC heap after
{Heap after GC invocations=236 (full 3):
 PSYoungGen      total 6656K, used 544K [0x00000000d5580000, 0x00000000d5d00000, 0x0000000100000000)
  eden space 5632K, 0% used [0x00000000d5580000,0x00000000d5580000,0x00000000d5b00000)
  from space 1024K, 53% used [0x00000000d5b00000,0x00000000d5b88000,0x00000000d5c00000)
  to   space 1024K, 0% used [0x00000000d5c00000,0x00000000d5c00000,0x00000000d5d00000)
 ParOldGen       total 169472K, used 168974K [0x0000000080000000, 0x000000008a580000, 0x00000000d5580000)
  object space 169472K, 99% used [0x0000000080000000,0x000000008a503ae0,0x000000008a580000)
 Metaspace       used 76448K, committed 77952K, reserved 1179648K
  class space    used 9426K, committed 10112K, reserved 1048576K
}

