<?xml version="1.0" encoding="UTF-8"?>
<testsuite name="com.tco.ServerTest" tests="1" skipped="0" failures="0" errors="0" timestamp="2026-06-15T00:02:09" hostname="DESKTOP-TVSCAGS" time="3.065">
  <properties/>
  <testcase name="test root endpoint" classname="com.tco.ServerTest" time="3.065"/>
  <system-out><![CDATA[2026-06-15 03:02:10.071 [DefaultDispatcher-worker-1 @call-context#3] INFO  io.ktor.test - No ktor.deployment.watch patterns specified, automatic reload is not active.
2026-06-15 03:02:12.199 [DefaultDispatcher-worker-1 @call-context#3] INFO  io.ktor.test - Application started in 2.145 seconds.
2026-06-15 03:02:12.201 [DefaultDispatcher-worker-3 @coroutine#18] INFO  io.ktor.test - Responding at http://localhost:80
2026-06-15 03:02:12.202 [DefaultDispatcher-worker-3 @coroutine#18] INFO  io.ktor.test - Responding at https://localhost:443
]]></system-out>
  <system-err><![CDATA[]]></system-err>
</testsuite>
